<?xml version="1.0" encoding="UTF-8"?>
<!-- Generated by org.testng.reporters.JUnitXMLReporter -->
<testsuite ignored="0" hostname="DESKTOP-PI0I6SN" failures="0" tests="6" name="Test" time="18.133" errors="0" timestamp="2021-12-07T18:41:13 IST">
  <testcase classname="Demo.Test1" name="login" time="8.148"/>
  <testcase classname="Demo.Test1" name="get_all_product" time="3.303"/>
  <testcase classname="Demo.Test1" name="create_product" time="1.665"/>
  <testcase classname="Demo.Test1" name="get_product_by_id" time="1.648"/>
  <testcase classname="Demo.Test1" name="update_product_by_id" time="1.626"/>
  <testcase classname="Demo.Test1" name="delete" time="1.656"/>
</testsuite> <!-- Test -->
